[Sun, 08 Apr 18 14:38:53 +0700][ERROR] [2]: ImgController handler class cannot be loaded

[Sun, 08 Apr 18 14:39:04 +0700][ERROR] [2]: ImgController handler class cannot be loaded

[Sun, 08 Apr 18 14:39:06 +0700][ERROR] [2]: ImgController handler class cannot be loaded

[Sun, 08 Apr 18 16:02:57 +0700][ERROR] [2]: ImgController handler class cannot be loaded

[Sun, 08 Apr 18 16:03:29 +0700][ERROR] [2]: ImgController handler class cannot be loaded

[Sun, 08 Apr 18 16:04:10 +0700][ERROR] [2]: ImgController handler class cannot be loaded

[Sun, 08 Apr 18 17:14:14 +0700][ERROR] [5]: Action 'img' was not found on handler 'authen'

[Sun, 08 Apr 18 17:14:52 +0700][ERROR] [5]: Action 'img' was not found on handler 'authen'

[Sun, 08 Apr 18 17:15:02 +0700][ERROR] [5]: Action 'img' was not found on handler 'authen'

[Sun, 08 Apr 18 17:15:53 +0700][ERROR] [5]: Action 'authen' was not found on handler 'authen'

[Sun, 08 Apr 18 17:15:53 +0700][ERROR] [5]: Action 'img' was not found on handler 'authen'

[Sun, 08 Apr 18 17:15:54 +0700][ERROR] [5]: Action 'authen' was not found on handler 'authen'

[Sun, 08 Apr 18 17:15:54 +0700][ERROR] [5]: Action 'img' was not found on handler 'authen'

[Sun, 08 Apr 18 17:16:10 +0700][ERROR] [5]: Action 'img' was not found on handler 'authen'

[Sun, 08 Apr 18 17:16:19 +0700][ERROR] [5]: Action 'img' was not found on handler 'authen'

[Sun, 08 Apr 18 17:17:19 +0700][ERROR] [5]: Action 'img' was not found on handler 'authen'

[Sun, 08 Apr 18 17:17:21 +0700][ERROR] [5]: Action 'authen' was not found on handler 'authen'

[Sun, 08 Apr 18 17:17:21 +0700][ERROR] [5]: Action 'img' was not found on handler 'authen'

[Sun, 08 Apr 18 17:18:05 +0700][ERROR] [5]: Action 'img' was not found on handler 'authen'

[Sun, 08 Apr 18 17:18:40 +0700][ERROR] [5]: Action 'authen' was not found on handler 'authen'

[Sun, 08 Apr 18 17:18:40 +0700][ERROR] [5]: Action 'img' was not found on handler 'authen'

[Sun, 08 Apr 18 17:18:47 +0700][ERROR] [5]: Action 'img' was not found on handler 'authen'

[Sun, 08 Apr 18 17:18:53 +0700][ERROR] [2]: SignupController handler class cannot be loaded

[Sun, 08 Apr 18 17:19:09 +0700][ERROR] [2]: LoginController handler class cannot be loaded

[Sun, 08 Apr 18 17:19:19 +0700][ERROR] [5]: Action 'img' was not found on handler 'authen'

[Sun, 08 Apr 18 17:36:39 +0700][ERROR] [5]: Action 'img' was not found on handler 'authen'

[Sun, 08 Apr 18 17:36:45 +0700][ERROR] [5]: Action 'authen' was not found on handler 'authen'

[Sun, 08 Apr 18 17:36:45 +0700][ERROR] [5]: Action 'img' was not found on handler 'authen'

[Sun, 08 Apr 18 17:37:39 +0700][ERROR] [5]: Action 'img' was not found on handler 'authen'

[Sun, 08 Apr 18 17:37:41 +0700][ERROR] [5]: Action 'authen' was not found on handler 'authen'

[Sun, 08 Apr 18 17:37:42 +0700][ERROR] [5]: Action 'img' was not found on handler 'authen'

[Sun, 08 Apr 18 17:38:26 +0700][ERROR] [5]: Action 'img' was not found on handler 'authen'

[Sun, 08 Apr 18 17:38:34 +0700][ERROR] [5]: Action 'event' was not found on handler 'authen'

[Sun, 08 Apr 18 17:38:34 +0700][ERROR] [5]: Action 'img' was not found on handler 'authen'

[Sun, 08 Apr 18 17:38:34 +0700][ERROR] [5]: Action 'event' was not found on handler 'authen'

[Sun, 08 Apr 18 17:38:34 +0700][ERROR] [5]: Action 'img' was not found on handler 'authen'

[Sun, 08 Apr 18 17:39:10 +0700][ERROR] [5]: Action 'authen' was not found on handler 'authen'

[Sun, 08 Apr 18 17:39:10 +0700][ERROR] [5]: Action 'authen' was not found on handler 'authen'

[Sun, 08 Apr 18 17:39:11 +0700][ERROR] [5]: Action 'authen' was not found on handler 'authen'

[Sun, 08 Apr 18 17:39:12 +0700][ERROR] [5]: Action 'authen' was not found on handler 'authen'

[Sun, 08 Apr 18 17:39:58 +0700][ERROR] [5]: Action 'img' was not found on handler 'authen'

[Sun, 08 Apr 18 17:40:06 +0700][ERROR] [5]: Action 'img' was not found on handler 'authen'

[Sun, 08 Apr 18 17:40:08 +0700][ERROR] [5]: Action 'authen' was not found on handler 'authen'

[Sun, 08 Apr 18 17:40:08 +0700][ERROR] [5]: Action 'img' was not found on handler 'authen'

[Sun, 08 Apr 18 17:40:11 +0700][ERROR] [5]: Action 'authen' was not found on handler 'authen'

[Sun, 08 Apr 18 17:40:11 +0700][ERROR] [5]: Action 'authen' was not found on handler 'authen'

[Sun, 08 Apr 18 17:40:12 +0700][ERROR] [5]: Action 'authen' was not found on handler 'authen'

[Sun, 08 Apr 18 17:40:12 +0700][ERROR] [5]: Action 'authen' was not found on handler 'authen'

[Sun, 08 Apr 18 17:40:12 +0700][ERROR] [5]: Action 'authen' was not found on handler 'authen'

[Sun, 08 Apr 18 17:40:13 +0700][ERROR] [5]: Action 'authen' was not found on handler 'authen'

[Sun, 08 Apr 18 17:40:13 +0700][ERROR] [5]: Action 'authen' was not found on handler 'authen'

[Sun, 08 Apr 18 17:40:13 +0700][ERROR] [5]: Action 'authen' was not found on handler 'authen'

[Sun, 08 Apr 18 17:40:14 +0700][ERROR] [5]: Action 'authen' was not found on handler 'authen'

[Sun, 08 Apr 18 17:40:14 +0700][ERROR] [5]: Action 'authen' was not found on handler 'authen'

[Sun, 08 Apr 18 17:40:14 +0700][ERROR] [5]: Action 'authen' was not found on handler 'authen'

[Sun, 08 Apr 18 17:40:14 +0700][ERROR] [5]: Action 'authen' was not found on handler 'authen'

[Sun, 08 Apr 18 17:40:40 +0700][ERROR] [5]: Action 'img' was not found on handler 'authen'

[Sun, 08 Apr 18 17:40:42 +0700][ERROR] [5]: Action 'img' was not found on handler 'authen'

[Sun, 08 Apr 18 17:40:43 +0700][ERROR] [5]: Action 'img' was not found on handler 'authen'

[Sun, 08 Apr 18 17:40:44 +0700][ERROR] [5]: Action 'img' was not found on handler 'authen'

[Sun, 08 Apr 18 17:41:05 +0700][ERROR] [5]: Action 'img' was not found on handler 'authen'

[Sun, 08 Apr 18 18:23:55 +0700][ERROR] [2]: EventController handler class cannot be loaded

[Sun, 08 Apr 18 18:24:01 +0700][ERROR] [2]: EventController handler class cannot be loaded

[Sun, 08 Apr 18 18:25:45 +0700][ERROR] [2]: EventController handler class cannot be loaded

[Sun, 08 Apr 18 18:25:52 +0700][ERROR] [5]: Action 'img' was not found on handler 'authen'

[Sun, 08 Apr 18 18:25:57 +0700][ERROR] [2]: EventController handler class cannot be loaded

[Sun, 08 Apr 18 18:28:20 +0700][ERROR] [2]: EventController handler class cannot be loaded

[Sun, 08 Apr 18 18:29:33 +0700][ERROR] [2]: EventController handler class cannot be loaded

[Sun, 08 Apr 18 18:30:28 +0700][ERROR] [2]: EventController handler class cannot be loaded

[Sun, 08 Apr 18 18:30:33 +0700][ERROR] [5]: Action 'img' was not found on handler 'authen'

[Sun, 08 Apr 18 18:31:47 +0700][ERROR] [5]: Action 'img' was not found on handler 'authen'

[Sun, 08 Apr 18 18:31:49 +0700][ERROR] [2]: EventController handler class cannot be loaded

[Sun, 08 Apr 18 18:31:57 +0700][ERROR] [2]: EventController handler class cannot be loaded

[Sun, 08 Apr 18 18:34:57 +0700][ERROR] [2]: EventController handler class cannot be loaded

[Sun, 08 Apr 18 18:34:58 +0700][ERROR] [2]: EventController handler class cannot be loaded

[Sun, 08 Apr 18 18:34:58 +0700][ERROR] [2]: EventController handler class cannot be loaded

[Sun, 08 Apr 18 18:34:58 +0700][ERROR] [2]: EventController handler class cannot be loaded

[Sun, 08 Apr 18 18:34:58 +0700][ERROR] [2]: EventController handler class cannot be loaded

[Sun, 08 Apr 18 18:34:59 +0700][ERROR] [2]: EventController handler class cannot be loaded

[Sun, 08 Apr 18 18:34:59 +0700][ERROR] [2]: EventController handler class cannot be loaded

[Sun, 08 Apr 18 18:34:59 +0700][ERROR] [2]: EventController handler class cannot be loaded

[Sun, 08 Apr 18 18:34:59 +0700][ERROR] [2]: EventController handler class cannot be loaded

[Sun, 08 Apr 18 18:34:59 +0700][ERROR] [2]: EventController handler class cannot be loaded

[Sun, 08 Apr 18 18:35:00 +0700][ERROR] [2]: EventController handler class cannot be loaded

[Sun, 08 Apr 18 18:35:00 +0700][ERROR] [2]: EventController handler class cannot be loaded

[Sun, 08 Apr 18 18:35:00 +0700][ERROR] [2]: EventController handler class cannot be loaded

[Sun, 08 Apr 18 18:37:42 +0700][ERROR] [2]: EventController handler class cannot be loaded

[Sun, 08 Apr 18 18:38:45 +0700][ERROR] [2]: EventController handler class cannot be loaded

[Sun, 08 Apr 18 18:39:28 +0700][ERROR] [2]: EventController handler class cannot be loaded

[Sun, 08 Apr 18 18:39:54 +0700][ERROR] [2]: EventController handler class cannot be loaded

[Sun, 08 Apr 18 18:40:04 +0700][ERROR] [2]: EventController handler class cannot be loaded

[Sun, 08 Apr 18 18:40:07 +0700][ERROR] [2]: EventController handler class cannot be loaded

[Sun, 08 Apr 18 18:40:18 +0700][ERROR] [2]: EventController handler class cannot be loaded

[Sun, 08 Apr 18 18:58:38 +0700][ERROR] [2]: AddController handler class cannot be loaded

[Sun, 08 Apr 18 19:04:43 +0700][ERROR] [2]: AddController handler class cannot be loaded

[Sun, 08 Apr 18 19:04:58 +0700][ERROR] [2]: AddController handler class cannot be loaded

[Sun, 08 Apr 18 19:05:51 +0700][ERROR] [2]: AddController handler class cannot be loaded

[Sun, 08 Apr 18 19:06:20 +0700][ERROR] [2]: AddController handler class cannot be loaded

[Sun, 08 Apr 18 19:07:15 +0700][ERROR] [2]: AddController handler class cannot be loaded

[Sun, 08 Apr 18 19:07:17 +0700][ERROR] [2]: AddController handler class cannot be loaded

[Sun, 08 Apr 18 19:08:33 +0700][ERROR] [2]: AddController handler class cannot be loaded

